<?xml version="1.0" encoding="UTF-8" ?>
<testsuite failures="0" time="0.161" errors="0" skipped="0" tests="19" name="org.jwebsocket.watchdog.notifier.MailNotifierTest">
  <properties>
[...]
</properties>
  <testcase time="0.014" classname="org.jwebsocket.watchdog.notifier.MailNotifierTest" name="testSetUsersList"/>
  <testcase time="0" classname="org.jwebsocket.watchdog.notifier.MailNotifierTest" name="testGetDescription"/>
  <testcase time="0" classname="org.jwebsocket.watchdog.notifier.MailNotifierTest" name="testSetDescription"/>
  <testcase time="0" classname="org.jwebsocket.watchdog.notifier.MailNotifierTest" name="testSetSubject"/>
  <testcase time="0" classname="org.jwebsocket.watchdog.notifier.MailNotifierTest" name="testSetHostName"/>
  <testcase time="0" classname="org.jwebsocket.watchdog.notifier.MailNotifierTest" name="testGetUsersList"/>
  <testcase time="0" classname="org.jwebsocket.watchdog.notifier.MailNotifierTest" name="testGetSubject"/>
  <testcase time="0" classname="org.jwebsocket.watchdog.notifier.MailNotifierTest" name="testGetHostName"/>
  <testcase time="0" classname="org.jwebsocket.watchdog.notifier.MailNotifierTest" name="testInitialize"/>
  <testcase time="0.001" classname="org.jwebsocket.watchdog.notifier.MailNotifierTest" name="testSetId"/>
  <testcase time="0" classname="org.jwebsocket.watchdog.notifier.MailNotifierTest" name="testGetId"/>
  <testcase time="0" classname="org.jwebsocket.watchdog.notifier.MailNotifierTest" name="testSetPort"/>
  <testcase time="0" classname="org.jwebsocket.watchdog.notifier.MailNotifierTest" name="testGetTo"/>
  <testcase time="0" classname="org.jwebsocket.watchdog.notifier.MailNotifierTest" name="testSetFrom"/>
  <testcase time="0" classname="org.jwebsocket.watchdog.notifier.MailNotifierTest" name="testGetPort"/>
  <testcase time="0" classname="org.jwebsocket.watchdog.notifier.MailNotifierTest" name="testGetFrom"/>
  <testcase time="0.001" classname="org.jwebsocket.watchdog.notifier.MailNotifierTest" name="testSetTo"/>
  <testcase time="0.114" classname="org.jwebsocket.watchdog.notifier.MailNotifierTest" name="testNotify"/>
  <testcase time="0.001" classname="org.jwebsocket.watchdog.notifier.MailNotifierTest" name="testShutdown"/>
</testsuite>